Arguments: 
  /Users/sebastianlundh/.nvm/versions/node/v15.3.0/bin/node /Users/sebastianlundh/.nvm/versions/node/v15.3.0/bin/yarn add cmd-env

PATH: 
  /Library/Frameworks/Python.framework/Versions/3.6/bin:/Users/sebastianlundh/.nvm/versions/node/v15.3.0/bin:/usr/local/bin:/usr/bin:/bin:/usr/sbin:/sbin:/usr/local/share/dotnet:/opt/X11/bin:/Library/Apple/usr/bin:/Library/Frameworks/Mono.framework/Versions/Current/Commands:/Applications/Wireshark.app/Contents/MacOS:/Applications/Xamarin Workbooks.app/Contents/SharedSupport/path-bin:/Library/Frameworks/Python.framework/Versions/3.6/bin:/Users/sebastianlundh/.nvm/versions/node/v15.3.0/bin

Yarn version: 
  1.22.10

Node version: 
  15.3.0

Platform: 
  darwin x64

Trace: 
  Error: https://registry.yarnpkg.com/cmd-env: Not found
      at Request.params.callback [as _callback] (/Users/sebastianlundh/.nvm/versions/node/v15.3.0/lib/node_modules/yarn/lib/cli.js:66988:18)
      at Request.self.callback (/Users/sebastianlundh/.nvm/versions/node/v15.3.0/lib/node_modules/yarn/lib/cli.js:140662:22)
      at Request.emit (node:events:376:20)
      at Request.<anonymous> (/Users/sebastianlundh/.nvm/versions/node/v15.3.0/lib/node_modules/yarn/lib/cli.js:141634:10)
      at Request.emit (node:events:376:20)
      at IncomingMessage.<anonymous> (/Users/sebastianlundh/.nvm/versions/node/v15.3.0/lib/node_modules/yarn/lib/cli.js:141556:12)
      at Object.onceWrapper (node:events:482:28)
      at IncomingMessage.emit (node:events:388:22)
      at endReadableNT (node:internal/streams/readable:1294:12)
      at processTicksAndRejections (node:internal/process/task_queues:80:21)

npm manifest: 
  {
    "name": "gatsby-datocms-demo",
    "description": "Gatsby DatoCMS creative portfolio demo",
    "version": "1.0.0",
    "author": "Stefano Verna <s.verna@datocms.com>",
    "dependencies": {
      "dotenv": "^8.1.0",
      "gatsby": "^2.24.81",
      "gatsby-image": "^2.4.21",
      "gatsby-plugin-react-helmet": "^3.3.14",
      "gatsby-plugin-sass": "^2.3.18",
      "gatsby-source-datocms": "^2.2.4",
      "gatsby-source-filesystem": "^2.3.35",
      "gatsby-transformer-remark": "^2.8.43",
      "node-sass": "^4.13.0",
      "react": "^16.14.0",
      "react-dom": "^16.14.0",
      "react-helmet": "^5.2.0",
      "react-masonry-component": "^6.2.1",
      "react-slick": "^0.25.2",
      "request": "^2.88.2",
      "slick-carousel": "^1.8.1"
    },
    "keywords": [
      "gatsby"
    ],
    "license": "MIT",
    "main": "n/a",
    "scripts": {
      "build": "gatsby build",
      "develop": "gatsby develop",
      "format": "prettier --trailing-comma es5 --no-semi --single-quote --write \"src/**/*.js\""
    },
    "devDependencies": {
      "prettier": "^1.17.0"
    }
  }

yarn manifest: 
  No manifest

Lockfile: 
  No lockfile
